Initializing document watcher...
buser-lab/frontend/plugins/api.js: {"insertSpaces":true,"tabSize":2}
buser-lab/frontend/plugins/api.js: Using EditorConfig core...
frontend/plugins/api.js: setEndOfLine(LF)
frontend/plugins/api.js: editor.action.trimTrailingWhitespace
buser-lab/frontend/plugins/api.js: Using EditorConfig core...
frontend/plugins/api.js: setEndOfLine(LF)
frontend/plugins/api.js: editor.action.trimTrailingWhitespace
buser-lab/frontend/plugins/api.js: {"insertSpaces":true,"tabSize":2}
buser-lab/frontend/plugins/api.js: {"insertSpaces":true,"tabSize":2}
buser-lab/frontend/plugins/api.js: {"insertSpaces":true,"tabSize":2}
buser-lab/frontend/plugins/api.js: {"insertSpaces":true,"tabSize":2}
buser-lab/frontend/plugins/api.js: {"insertSpaces":true,"tabSize":2}
buser-lab/frontend/plugins/api.js: {"insertSpaces":true,"tabSize":2}
buser-lab/frontend/plugins/api.js: Using EditorConfig core...
frontend/plugins/api.js: setEndOfLine(LF)
frontend/plugins/api.js: editor.action.trimTrailingWhitespace
buser-lab/frontend/plugins/api.js: Using EditorConfig core...
frontend/plugins/api.js: setEndOfLine(LF)
frontend/plugins/api.js: editor.action.trimTrailingWhitespace
buser-lab/frontend/plugins/api.js: {"insertSpaces":true,"tabSize":2}
buser-lab/frontend/plugins/api.js: {"insertSpaces":true,"tabSize":2}
buser-lab/frontend/plugins/api.js: Using EditorConfig core...
frontend/plugins/api.js: setEndOfLine(LF)
frontend/plugins/api.js: editor.action.trimTrailingWhitespace
buser-lab/frontend/plugins/api.js: {"insertSpaces":true,"tabSize":2}
buser-lab/frontend/plugins/api.js: {"insertSpaces":true,"tabSize":2}
buser-lab/backend/api/tests/test_register_api.py: {}
buser-lab/backend/api/core/views.py: {}
buser-lab/backend/api/core/views.py: Using EditorConfig core...
buser-lab/backend/api/tests/test_register_api.py: {}
buser-lab/backend/api/tests/test_register_api.py: Using EditorConfig core...
buser-lab/backend/api/core/views.py: {}
buser-lab/backend/api/core/views.py: Using EditorConfig core...
buser-lab/backend/api/core/views.py: Using EditorConfig core...
buser-lab/backend/api/core/views.py: Using EditorConfig core...
buser-lab/backend/api/core/views.py: {}
buser-lab/backend/api/core/views.py: Using EditorConfig core...
buser-lab/frontend/plugins/api.js: {"insertSpaces":true,"tabSize":2}
buser-lab/frontend/plugins/api.js: Using EditorConfig core...
frontend/plugins/api.js: setEndOfLine(LF)
frontend/plugins/api.js: editor.action.trimTrailingWhitespace
