[2020-11-09 07:01:33.491] [exthost] [info] extension host started
[2020-11-09 07:01:34.044] [exthost] [info] ExtensionService#_doActivateExtension vscode.microsoft-authentication {"startup":false,"extensionId":{"value":"vscode.microsoft-authentication","_lower":"vscode.microsoft-authentication"},"activationEvent":"onAuthenticationRequest:microsoft"}
[2020-11-09 07:01:34.044] [exthost] [info] ExtensionService#loadCommonJSModule file:///usr/share/code/resources/app/extensions/microsoft-authentication/dist/extension.js
[2020-11-09 07:01:34.276] [exthost] [info] ExtensionService#_doActivateExtension aaron-bond.better-comments {"startup":false,"extensionId":{"value":"aaron-bond.better-comments","_lower":"aaron-bond.better-comments"},"activationEvent":"onLanguage:plaintext"}
[2020-11-09 07:01:34.290] [exthost] [info] ExtensionService#loadCommonJSModule file:///root/.vscode/extensions/aaron-bond.better-comments-2.1.0/out/extension
[2020-11-09 07:01:34.300] [exthost] [info] ExtensionService#_doActivateExtension ms-vscode.js-debug {"startup":false,"extensionId":{"value":"ms-vscode.js-debug","_lower":"ms-vscode.js-debug"},"activationEvent":"onDebugDynamicConfigurations"}
[2020-11-09 07:01:34.300] [exthost] [info] ExtensionService#loadCommonJSModule file:///usr/share/code/resources/app/extensions/ms-vscode.js-debug/src/extension.js
[2020-11-09 07:01:35.454] [exthost] [info] ExtensionService#_doActivateExtension vscode.debug-auto-launch {"startup":true,"extensionId":{"value":"vscode.debug-auto-launch","_lower":"vscode.debug-auto-launch"},"activationEvent":"*"}
[2020-11-09 07:01:35.460] [exthost] [info] ExtensionService#loadCommonJSModule file:///usr/share/code/resources/app/extensions/debug-auto-launch/dist/extension
[2020-11-09 07:01:35.469] [exthost] [info] ExtensionService#_doActivateExtension vscode.emmet {"startup":true,"extensionId":{"value":"vscode.emmet","_lower":"vscode.emmet"},"activationEvent":"*"}
[2020-11-09 07:01:35.469] [exthost] [info] ExtensionService#loadCommonJSModule file:///usr/share/code/resources/app/extensions/emmet/dist/node/emmetNodeMain
[2020-11-09 07:01:35.545] [exthost] [info] ExtensionService#_doActivateExtension vscode.git {"startup":true,"extensionId":{"value":"vscode.github","_lower":"vscode.github"},"activationEvent":"*"}
[2020-11-09 07:01:35.545] [exthost] [info] ExtensionService#loadCommonJSModule file:///usr/share/code/resources/app/extensions/git/dist/main
[2020-11-09 07:01:35.731] [exthost] [info] ExtensionService#_doActivateExtension vscode.merge-conflict {"startup":true,"extensionId":{"value":"vscode.merge-conflict","_lower":"vscode.merge-conflict"},"activationEvent":"*"}
[2020-11-09 07:01:35.734] [exthost] [info] ExtensionService#loadCommonJSModule file:///usr/share/code/resources/app/extensions/merge-conflict/dist/mergeConflictMain
[2020-11-09 07:01:35.742] [exthost] [info] ExtensionService#_doActivateExtension vscode.search-result {"startup":true,"extensionId":{"value":"vscode.search-result","_lower":"vscode.search-result"},"activationEvent":"*"}
[2020-11-09 07:01:35.744] [exthost] [info] ExtensionService#loadCommonJSModule file:///usr/share/code/resources/app/extensions/search-result/dist/extension.js
[2020-11-09 07:01:35.747] [exthost] [info] ExtensionService#_doActivateExtension CoenraadS.bracket-pair-colorizer-2 {"startup":true,"extensionId":{"value":"CoenraadS.bracket-pair-colorizer-2","_lower":"coenraads.bracket-pair-colorizer-2"},"activationEvent":"*"}
[2020-11-09 07:01:35.748] [exthost] [info] ExtensionService#loadCommonJSModule file:///root/.vscode/extensions/coenraads.bracket-pair-colorizer-2-0.2.0/out/src/extension
[2020-11-09 07:01:35.812] [exthost] [info] ExtensionService#_doActivateExtension eamodio.gitlens {"startup":true,"extensionId":{"value":"eamodio.gitlens","_lower":"eamodio.gitlens"},"activationEvent":"*"}
[2020-11-09 07:01:35.814] [exthost] [info] ExtensionService#loadCommonJSModule file:///root/.vscode/extensions/eamodio.gitlens-10.2.3/dist/extension
[2020-11-09 07:01:36.054] [exthost] [info] ExtensionService#_doActivateExtension EditorConfig.EditorConfig {"startup":true,"extensionId":{"value":"EditorConfig.EditorConfig","_lower":"editorconfig.editorconfig"},"activationEvent":"*"}
[2020-11-09 07:01:36.057] [exthost] [info] ExtensionService#loadCommonJSModule file:///root/.vscode/extensions/editorconfig.editorconfig-0.15.1/out/editorConfigMain.js
[2020-11-09 07:01:36.113] [exthost] [info] ExtensionService#_doActivateExtension emeraldwalk.RunOnSave {"startup":true,"extensionId":{"value":"emeraldwalk.RunOnSave","_lower":"emeraldwalk.runonsave"},"activationEvent":"*"}
[2020-11-09 07:01:36.113] [exthost] [info] ExtensionService#loadCommonJSModule file:///root/.vscode/extensions/emeraldwalk.runonsave-0.2.0/out/src/extension
[2020-11-09 07:01:36.118] [exthost] [info] ExtensionService#_doActivateExtension hbenl.vscode-test-explorer {"startup":true,"extensionId":{"value":"hbenl.vscode-test-explorer-liveshare","_lower":"hbenl.vscode-test-explorer-liveshare"},"activationEvent":"*"}
[2020-11-09 07:01:36.118] [exthost] [info] ExtensionService#loadCommonJSModule file:///root/.vscode/extensions/hbenl.vscode-test-explorer-2.19.3/out/main.js
[2020-11-09 07:01:36.176] [exthost] [info] ExtensionService#_doActivateExtension ms-vsliveshare.vsliveshare {"startup":true,"extensionId":{"value":"ms-vsliveshare.vsliveshare-audio","_lower":"ms-vsliveshare.vsliveshare-audio"},"activationEvent":"*"}
[2020-11-09 07:01:36.178] [exthost] [info] ExtensionService#loadCommonJSModule file:///root/.vscode/extensions/ms-vsliveshare.vsliveshare-1.0.3121/out/prod/extension-prod
[2020-11-09 07:01:37.243] [exthost] [info] ExtensionService#_doActivateExtension kiteco.kite {"startup":true,"extensionId":{"value":"kiteco.kite","_lower":"kiteco.kite"},"activationEvent":"*"}
[2020-11-09 07:01:37.243] [exthost] [info] ExtensionService#loadCommonJSModule file:///root/.vscode/extensions/kiteco.kite-0.134.0/dist/kite-extension
[2020-11-09 07:01:37.280] [exthost] [info] ExtensionService#_doActivateExtension Shan.code-settings-sync {"startup":true,"extensionId":{"value":"Shan.code-settings-sync","_lower":"shan.code-settings-sync"},"activationEvent":"*"}
[2020-11-09 07:01:37.280] [exthost] [info] ExtensionService#loadCommonJSModule file:///root/.vscode/extensions/shan.code-settings-sync-3.4.3/out/extension.js
[2020-11-09 07:01:37.393] [exthost] [info] ExtensionService#_doActivateExtension spywhere.guides {"startup":true,"extensionId":{"value":"spywhere.guides","_lower":"spywhere.guides"},"activationEvent":"*"}
[2020-11-09 07:01:37.393] [exthost] [info] ExtensionService#loadCommonJSModule file:///root/.vscode/extensions/spywhere.guides-0.9.3/out/extension
[2020-11-09 07:01:37.702] [exthost] [info] ExtensionService#_doActivateExtension streetsidesoftware.code-spell-checker {"startup":true,"extensionId":{"value":"streetsidesoftware.code-spell-checker","_lower":"streetsidesoftware.code-spell-checker"},"activationEvent":"*"}
[2020-11-09 07:01:37.702] [exthost] [info] ExtensionService#loadCommonJSModule file:///root/.vscode/extensions/streetsidesoftware.code-spell-checker-1.9.2/dist/extension
[2020-11-09 07:01:37.735] [exthost] [info] ExtensionService#_doActivateExtension TabNine.tabnine-vscode {"startup":true,"extensionId":{"value":"TabNine.tabnine-vscode","_lower":"tabnine.tabnine-vscode"},"activationEvent":"*"}
[2020-11-09 07:01:37.735] [exthost] [info] ExtensionService#loadCommonJSModule file:///root/.vscode/extensions/tabnine.tabnine-vscode-3.1.5/out/extension
[2020-11-09 07:01:37.879] [exthost] [info] ExtensionService#_doActivateExtension WakaTime.vscode-wakatime {"startup":true,"extensionId":{"value":"WakaTime.vscode-wakatime","_lower":"wakatime.vscode-wakatime"},"activationEvent":"*"}
[2020-11-09 07:01:37.880] [exthost] [info] ExtensionService#loadCommonJSModule file:///root/.vscode/extensions/wakatime.vscode-wakatime-4.0.9/dist/extension
[2020-11-09 07:01:40.540] [exthost] [info] ExtensionService#_doActivateExtension vscode.configuration-editing {"startup":false,"extensionId":{"value":"vscode.configuration-editing","_lower":"vscode.configuration-editing"},"activationEvent":"onLanguage:jsonc"}
[2020-11-09 07:01:40.573] [exthost] [info] ExtensionService#loadCommonJSModule file:///usr/share/code/resources/app/extensions/configuration-editing/dist/configurationEditingMain
[2020-11-09 07:01:40.620] [exthost] [info] ExtensionService#_doActivateExtension vscode.json-language-features {"startup":false,"extensionId":{"value":"vscode.json-language-features","_lower":"vscode.json-language-features"},"activationEvent":"onLanguage:jsonc"}
[2020-11-09 07:01:40.620] [exthost] [info] ExtensionService#loadCommonJSModule file:///usr/share/code/resources/app/extensions/json-language-features/client/dist/node/jsonClientMain
[2020-11-09 07:01:40.858] [exthost] [info] ExtensionService#_doActivateExtension vscode.typescript-language-features {"startup":false,"extensionId":{"value":"vscode.typescript-language-features","_lower":"vscode.typescript-language-features"},"activationEvent":"onLanguage:jsonc"}
[2020-11-09 07:01:40.862] [exthost] [info] ExtensionService#loadCommonJSModule file:///usr/share/code/resources/app/extensions/typescript-language-features/dist/extension
[2020-11-09 07:01:42.086] [exthost] [info] ExtensionService#_doActivateExtension vscode.html-language-features {"startup":false,"extensionId":{"value":"vscode.html-language-features","_lower":"vscode.html-language-features"},"activationEvent":"onLanguage:html"}
[2020-11-09 07:01:42.102] [exthost] [info] ExtensionService#loadCommonJSModule file:///usr/share/code/resources/app/extensions/html-language-features/client/dist/node/htmlClientMain
[2020-11-09 07:01:42.996] [exthost] [info] ExtensionService#_doActivateExtension vscode.github-authentication {"startup":false,"extensionId":{"value":"vscode.github-authentication","_lower":"vscode.github-authentication"},"activationEvent":"onAuthenticationRequest:github"}
[2020-11-09 07:01:42.996] [exthost] [info] ExtensionService#loadCommonJSModule file:///usr/share/code/resources/app/extensions/github-authentication/dist/extension.js
[2020-11-09 07:01:44.432] [exthost] [info] ExtensionService#_doActivateExtension esbenp.prettier-vscode {"startup":false,"extensionId":{"value":"esbenp.prettier-vscode","_lower":"esbenp.prettier-vscode"},"activationEvent":"onStartupFinished"}
[2020-11-09 07:01:44.432] [exthost] [info] ExtensionService#loadCommonJSModule file:///root/.vscode/extensions/esbenp.prettier-vscode-5.7.1/dist/extension
[2020-11-09 07:01:44.796] [exthost] [info] ExtensionService#_doActivateExtension ms-python.python {"startup":false,"extensionId":{"value":"littlefoxteam.vscode-python-test-adapter","_lower":"littlefoxteam.vscode-python-test-adapter"},"activationEvent":"onStartupFinished"}
[2020-11-09 07:01:44.797] [exthost] [info] ExtensionService#loadCommonJSModule file:///root/.vscode/extensions/ms-python.python-2020.10.332292344/out/client/extension
[2020-11-09 07:01:49.733] [exthost] [info] extension host started
[2020-11-09 07:01:49.924] [exthost] [info] ExtensionService#_doActivateExtension vscode.microsoft-authentication {"startup":false,"extensionId":{"value":"vscode.microsoft-authentication","_lower":"vscode.microsoft-authentication"},"activationEvent":"onAuthenticationRequest:microsoft"}
[2020-11-09 07:01:49.924] [exthost] [info] ExtensionService#loadCommonJSModule file:///usr/share/code/resources/app/extensions/microsoft-authentication/dist/extension.js
[2020-11-09 07:01:49.934] [exthost] [info] ExtensionService#_doActivateExtension aaron-bond.better-comments {"startup":false,"extensionId":{"value":"aaron-bond.better-comments","_lower":"aaron-bond.better-comments"},"activationEvent":"onLanguage:plaintext"}
[2020-11-09 07:01:49.937] [exthost] [info] ExtensionService#loadCommonJSModule file:///root/.vscode/extensions/aaron-bond.better-comments-2.1.0/out/extension
[2020-11-09 07:01:49.947] [exthost] [info] ExtensionService#_doActivateExtension ms-vscode.js-debug {"startup":false,"extensionId":{"value":"ms-vscode.js-debug","_lower":"ms-vscode.js-debug"},"activationEvent":"onDebugDynamicConfigurations"}
[2020-11-09 07:01:49.947] [exthost] [info] ExtensionService#loadCommonJSModule file:///usr/share/code/resources/app/extensions/ms-vscode.js-debug/src/extension.js
[2020-11-09 07:01:50.554] [exthost] [info] ExtensionService#_doActivateExtension vscode.debug-auto-launch {"startup":true,"extensionId":{"value":"vscode.debug-auto-launch","_lower":"vscode.debug-auto-launch"},"activationEvent":"*"}
[2020-11-09 07:01:50.554] [exthost] [info] ExtensionService#loadCommonJSModule file:///usr/share/code/resources/app/extensions/debug-auto-launch/dist/extension
[2020-11-09 07:01:50.555] [exthost] [info] ExtensionService#_doActivateExtension vscode.emmet {"startup":true,"extensionId":{"value":"vscode.emmet","_lower":"vscode.emmet"},"activationEvent":"*"}
[2020-11-09 07:01:50.555] [exthost] [info] ExtensionService#loadCommonJSModule file:///usr/share/code/resources/app/extensions/emmet/dist/node/emmetNodeMain
[2020-11-09 07:01:50.591] [exthost] [info] ExtensionService#_doActivateExtension vscode.git {"startup":true,"extensionId":{"value":"vscode.github","_lower":"vscode.github"},"activationEvent":"*"}
[2020-11-09 07:01:50.591] [exthost] [info] ExtensionService#loadCommonJSModule file:///usr/share/code/resources/app/extensions/git/dist/main
[2020-11-09 07:01:50.704] [exthost] [info] ExtensionService#_doActivateExtension vscode.merge-conflict {"startup":true,"extensionId":{"value":"vscode.merge-conflict","_lower":"vscode.merge-conflict"},"activationEvent":"*"}
[2020-11-09 07:01:50.706] [exthost] [info] ExtensionService#loadCommonJSModule file:///usr/share/code/resources/app/extensions/merge-conflict/dist/mergeConflictMain
[2020-11-09 07:01:50.712] [exthost] [info] ExtensionService#_doActivateExtension vscode.search-result {"startup":true,"extensionId":{"value":"vscode.search-result","_lower":"vscode.search-result"},"activationEvent":"*"}
[2020-11-09 07:01:50.712] [exthost] [info] ExtensionService#loadCommonJSModule file:///usr/share/code/resources/app/extensions/search-result/dist/extension.js
[2020-11-09 07:01:50.713] [exthost] [info] ExtensionService#_doActivateExtension CoenraadS.bracket-pair-colorizer-2 {"startup":true,"extensionId":{"value":"CoenraadS.bracket-pair-colorizer-2","_lower":"coenraads.bracket-pair-colorizer-2"},"activationEvent":"*"}
[2020-11-09 07:01:50.713] [exthost] [info] ExtensionService#loadCommonJSModule file:///root/.vscode/extensions/coenraads.bracket-pair-colorizer-2-0.2.0/out/src/extension
[2020-11-09 07:01:50.748] [exthost] [info] ExtensionService#_doActivateExtension eamodio.gitlens {"startup":true,"extensionId":{"value":"eamodio.gitlens","_lower":"eamodio.gitlens"},"activationEvent":"*"}
[2020-11-09 07:01:50.748] [exthost] [info] ExtensionService#loadCommonJSModule file:///root/.vscode/extensions/eamodio.gitlens-10.2.3/dist/extension
[2020-11-09 07:01:50.908] [exthost] [info] ExtensionService#_doActivateExtension EditorConfig.EditorConfig {"startup":true,"extensionId":{"value":"EditorConfig.EditorConfig","_lower":"editorconfig.editorconfig"},"activationEvent":"*"}
[2020-11-09 07:01:50.908] [exthost] [info] ExtensionService#loadCommonJSModule file:///root/.vscode/extensions/editorconfig.editorconfig-0.15.1/out/editorConfigMain.js
[2020-11-09 07:01:50.924] [exthost] [info] ExtensionService#_doActivateExtension emeraldwalk.RunOnSave {"startup":true,"extensionId":{"value":"emeraldwalk.RunOnSave","_lower":"emeraldwalk.runonsave"},"activationEvent":"*"}
[2020-11-09 07:01:50.924] [exthost] [info] ExtensionService#loadCommonJSModule file:///root/.vscode/extensions/emeraldwalk.runonsave-0.2.0/out/src/extension
[2020-11-09 07:01:50.925] [exthost] [info] ExtensionService#_doActivateExtension hbenl.vscode-test-explorer {"startup":true,"extensionId":{"value":"hbenl.vscode-test-explorer-liveshare","_lower":"hbenl.vscode-test-explorer-liveshare"},"activationEvent":"*"}
[2020-11-09 07:01:50.925] [exthost] [info] ExtensionService#loadCommonJSModule file:///root/.vscode/extensions/hbenl.vscode-test-explorer-2.19.3/out/main.js
[2020-11-09 07:01:50.943] [exthost] [info] ExtensionService#_doActivateExtension ms-vsliveshare.vsliveshare {"startup":true,"extensionId":{"value":"ms-vsliveshare.vsliveshare-audio","_lower":"ms-vsliveshare.vsliveshare-audio"},"activationEvent":"*"}
[2020-11-09 07:01:50.945] [exthost] [info] ExtensionService#loadCommonJSModule file:///root/.vscode/extensions/ms-vsliveshare.vsliveshare-1.0.3121/out/prod/extension-prod
[2020-11-09 07:01:51.247] [exthost] [info] ExtensionService#_doActivateExtension kiteco.kite {"startup":true,"extensionId":{"value":"kiteco.kite","_lower":"kiteco.kite"},"activationEvent":"*"}
[2020-11-09 07:01:51.247] [exthost] [info] ExtensionService#loadCommonJSModule file:///root/.vscode/extensions/kiteco.kite-0.134.0/dist/kite-extension
[2020-11-09 07:01:51.270] [exthost] [info] ExtensionService#_doActivateExtension Shan.code-settings-sync {"startup":true,"extensionId":{"value":"Shan.code-settings-sync","_lower":"shan.code-settings-sync"},"activationEvent":"*"}
[2020-11-09 07:01:51.270] [exthost] [info] ExtensionService#loadCommonJSModule file:///root/.vscode/extensions/shan.code-settings-sync-3.4.3/out/extension.js
[2020-11-09 07:01:51.305] [exthost] [info] ExtensionService#_doActivateExtension spywhere.guides {"startup":true,"extensionId":{"value":"spywhere.guides","_lower":"spywhere.guides"},"activationEvent":"*"}
[2020-11-09 07:01:51.305] [exthost] [info] ExtensionService#loadCommonJSModule file:///root/.vscode/extensions/spywhere.guides-0.9.3/out/extension
[2020-11-09 07:01:51.426] [exthost] [info] ExtensionService#_doActivateExtension streetsidesoftware.code-spell-checker {"startup":true,"extensionId":{"value":"streetsidesoftware.code-spell-checker","_lower":"streetsidesoftware.code-spell-checker"},"activationEvent":"*"}
[2020-11-09 07:01:51.426] [exthost] [info] ExtensionService#loadCommonJSModule file:///root/.vscode/extensions/streetsidesoftware.code-spell-checker-1.9.2/dist/extension
[2020-11-09 07:01:51.437] [exthost] [info] ExtensionService#_doActivateExtension TabNine.tabnine-vscode {"startup":true,"extensionId":{"value":"TabNine.tabnine-vscode","_lower":"tabnine.tabnine-vscode"},"activationEvent":"*"}
[2020-11-09 07:01:51.437] [exthost] [info] ExtensionService#loadCommonJSModule file:///root/.vscode/extensions/tabnine.tabnine-vscode-3.1.5/out/extension
[2020-11-09 07:01:51.524] [exthost] [info] ExtensionService#_doActivateExtension WakaTime.vscode-wakatime {"startup":true,"extensionId":{"value":"WakaTime.vscode-wakatime","_lower":"wakatime.vscode-wakatime"},"activationEvent":"*"}
[2020-11-09 07:01:51.525] [exthost] [info] ExtensionService#loadCommonJSModule file:///root/.vscode/extensions/wakatime.vscode-wakatime-4.0.9/dist/extension
[2020-11-09 07:01:53.047] [exthost] [info] ExtensionService#_doActivateExtension vscode.configuration-editing {"startup":false,"extensionId":{"value":"vscode.configuration-editing","_lower":"vscode.configuration-editing"},"activationEvent":"onLanguage:jsonc"}
[2020-11-09 07:01:53.047] [exthost] [info] ExtensionService#loadCommonJSModule file:///usr/share/code/resources/app/extensions/configuration-editing/dist/configurationEditingMain
[2020-11-09 07:01:53.053] [exthost] [info] ExtensionService#_doActivateExtension vscode.json-language-features {"startup":false,"extensionId":{"value":"vscode.json-language-features","_lower":"vscode.json-language-features"},"activationEvent":"onLanguage:jsonc"}
[2020-11-09 07:01:53.057] [exthost] [info] ExtensionService#loadCommonJSModule file:///usr/share/code/resources/app/extensions/json-language-features/client/dist/node/jsonClientMain
[2020-11-09 07:01:53.164] [exthost] [info] ExtensionService#_doActivateExtension vscode.typescript-language-features {"startup":false,"extensionId":{"value":"vscode.typescript-language-features","_lower":"vscode.typescript-language-features"},"activationEvent":"onLanguage:jsonc"}
[2020-11-09 07:01:53.164] [exthost] [info] ExtensionService#loadCommonJSModule file:///usr/share/code/resources/app/extensions/typescript-language-features/dist/extension
[2020-11-09 07:01:55.020] [exthost] [info] ExtensionService#_doActivateExtension vscode.github-authentication {"startup":false,"extensionId":{"value":"vscode.github-authentication","_lower":"vscode.github-authentication"},"activationEvent":"onAuthenticationRequest:github"}
[2020-11-09 07:01:55.020] [exthost] [info] ExtensionService#loadCommonJSModule file:///usr/share/code/resources/app/extensions/github-authentication/dist/extension.js
[2020-11-09 07:01:58.116] [exthost] [error] Activating extension ms-vsliveshare.vsliveshare failed due to an error:
[2020-11-09 07:01:58.116] [exthost] [error] Error: Agent terminated with exit code: 0 and signal null: A fatal error occurred. The required library libhostfxr.so could not be found.
If this is a self-contained application, that library should exist in [/root/.vscode/extensions/ms-vsliveshare.vsliveshare-1.0.3121/dotnet_modules/].
If this is a framework-dependent application, install the runtime in the global location [/usr/share/dotnet] or use the DOTNET_ROOT environment variable to specify the runtime location or register the runtime location in [/etc/dotnet/install_location].The .NET Core runtime can be found at:- https://aka.ms/dotnet-core-applaunch?missing_runtime=true&arch=x64&rid=ubuntu.20.04-x64
	at ChildProcess.<anonymous> (/root/.vscode/extensions/ms-vsliveshare.vsliveshare-1.0.3121/out/prod/extension-prod.js:151864:32)
	at ChildProcess.emit (events.js:228:7)
	at maybeClose (internal/child_process.js:1021:16)
	at Socket.<anonymous> (internal/child_process.js:430:11)
	at Socket.emit (events.js:223:5)
	at Pipe.<anonymous> (net.js:664:12)
[2020-11-09 07:01:58.459] [exthost] [info] ExtensionService#_doActivateExtension vscode.github {"startup":true,"extensionId":{"value":"vscode.github","_lower":"vscode.github"},"activationEvent":"*"}
[2020-11-09 07:01:58.459] [exthost] [info] ExtensionService#loadCommonJSModule file:///usr/share/code/resources/app/extensions/github/dist/extension.js
[2020-11-09 07:01:58.774] [exthost] [info] ExtensionService#_doActivateExtension VisualStudioExptTeam.vscodeintellicode {"startup":false,"extensionId":{"value":"VisualStudioExptTeam.vscodeintellicode","_lower":"visualstudioexptteam.vscodeintellicode"},"activationEvent":"onLanguage:javascript"}
[2020-11-09 07:01:58.774] [exthost] [info] ExtensionService#loadCommonJSModule file:///root/.vscode/extensions/visualstudioexptteam.vscodeintellicode-1.2.10/dist/intellicode
[2020-11-09 07:01:59.048] [exthost] [info] eager extensions activated
[2020-11-09 07:01:59.228] [exthost] [info] ExtensionService#_doActivateExtension esbenp.prettier-vscode {"startup":false,"extensionId":{"value":"esbenp.prettier-vscode","_lower":"esbenp.prettier-vscode"},"activationEvent":"onStartupFinished"}
[2020-11-09 07:01:59.229] [exthost] [info] ExtensionService#loadCommonJSModule file:///root/.vscode/extensions/esbenp.prettier-vscode-5.7.1/dist/extension
[2020-11-09 07:01:59.511] [exthost] [info] ExtensionService#_doActivateExtension ms-python.python {"startup":false,"extensionId":{"value":"littlefoxteam.vscode-python-test-adapter","_lower":"littlefoxteam.vscode-python-test-adapter"},"activationEvent":"onStartupFinished"}
[2020-11-09 07:01:59.512] [exthost] [info] ExtensionService#loadCommonJSModule file:///root/.vscode/extensions/ms-python.python-2020.10.332292344/out/client/extension
[2020-11-09 07:02:11.961] [exthost] [info] ExtensionService#_doActivateExtension littlefoxteam.vscode-python-test-adapter {"startup":false,"extensionId":{"value":"littlefoxteam.vscode-python-test-adapter","_lower":"littlefoxteam.vscode-python-test-adapter"},"activationEvent":"onStartupFinished"}
[2020-11-09 07:02:11.962] [exthost] [info] ExtensionService#loadCommonJSModule file:///root/.vscode/extensions/littlefoxteam.vscode-python-test-adapter-0.6.2/out/src/main.js
[2020-11-09 07:03:06.106] [exthost] [info] ExtensionService#_doActivateExtension vscode.extension-editing {"startup":false,"extensionId":{"value":"vscode.extension-editing","_lower":"vscode.extension-editing"},"activationEvent":"onLanguage:typescript"}
[2020-11-09 07:03:06.106] [exthost] [info] ExtensionService#loadCommonJSModule file:///usr/share/code/resources/app/extensions/extension-editing/dist/extensionEditingMain
[2020-11-09 07:18:20.422] [exthost] [error] [eamodio.gitlens] provider FAILED
[2020-11-09 07:18:20.422] [exthost] [error] Error: Agent terminated with exit code: 0 and signal null: A fatal error occurred. The required library libhostfxr.so could not be found.
If this is a self-contained application, that library should exist in [/root/.vscode/extensions/ms-vsliveshare.vsliveshare-1.0.3121/dotnet_modules/].
If this is a framework-dependent application, install the runtime in the global location [/usr/share/dotnet] or use the DOTNET_ROOT environment variable to specify the runtime location or register the runtime location in [/etc/dotnet/install_location].The .NET Core runtime can be found at:- https://aka.ms/dotnet-core-applaunch?missing_runtime=true&arch=x64&rid=ubuntu.20.04-x64
	at ChildProcess.<anonymous> (/root/.vscode/extensions/ms-vsliveshare.vsliveshare-1.0.3121/out/prod/extension-prod.js:151864:32)
	at ChildProcess.emit (events.js:228:7)
	at maybeClose (internal/child_process.js:1021:16)
	at Socket.<anonymous> (internal/child_process.js:430:11)
	at Socket.emit (events.js:223:5)
	at Pipe.<anonymous> (net.js:664:12)
[2020-11-09 07:18:29.234] [exthost] [error] [eamodio.gitlens] provider FAILED
[2020-11-09 07:18:29.234] [exthost] [error] Error: Agent terminated with exit code: 0 and signal null: A fatal error occurred. The required library libhostfxr.so could not be found.
If this is a self-contained application, that library should exist in [/root/.vscode/extensions/ms-vsliveshare.vsliveshare-1.0.3121/dotnet_modules/].
If this is a framework-dependent application, install the runtime in the global location [/usr/share/dotnet] or use the DOTNET_ROOT environment variable to specify the runtime location or register the runtime location in [/etc/dotnet/install_location].The .NET Core runtime can be found at:- https://aka.ms/dotnet-core-applaunch?missing_runtime=true&arch=x64&rid=ubuntu.20.04-x64
	at ChildProcess.<anonymous> (/root/.vscode/extensions/ms-vsliveshare.vsliveshare-1.0.3121/out/prod/extension-prod.js:151864:32)
	at ChildProcess.emit (events.js:228:7)
	at maybeClose (internal/child_process.js:1021:16)
	at Socket.<anonymous> (internal/child_process.js:430:11)
	at Socket.emit (events.js:223:5)
	at Pipe.<anonymous> (net.js:664:12)
[2020-11-09 07:18:29.528] [exthost] [error] [eamodio.gitlens] provider FAILED
[2020-11-09 07:18:29.529] [exthost] [error] Error: Agent terminated with exit code: 0 and signal null: A fatal error occurred. The required library libhostfxr.so could not be found.
If this is a self-contained application, that library should exist in [/root/.vscode/extensions/ms-vsliveshare.vsliveshare-1.0.3121/dotnet_modules/].
If this is a framework-dependent application, install the runtime in the global location [/usr/share/dotnet] or use the DOTNET_ROOT environment variable to specify the runtime location or register the runtime location in [/etc/dotnet/install_location].The .NET Core runtime can be found at:- https://aka.ms/dotnet-core-applaunch?missing_runtime=true&arch=x64&rid=ubuntu.20.04-x64
	at ChildProcess.<anonymous> (/root/.vscode/extensions/ms-vsliveshare.vsliveshare-1.0.3121/out/prod/extension-prod.js:151864:32)
	at ChildProcess.emit (events.js:228:7)
	at maybeClose (internal/child_process.js:1021:16)
	at Socket.<anonymous> (internal/child_process.js:430:11)
	at Socket.emit (events.js:223:5)
	at Pipe.<anonymous> (net.js:664:12)
[2020-11-09 07:18:39.415] [exthost] [error] [eamodio.gitlens] provider FAILED
[2020-11-09 07:18:39.415] [exthost] [error] Error: Agent terminated with exit code: 0 and signal null: A fatal error occurred. The required library libhostfxr.so could not be found.
If this is a self-contained application, that library should exist in [/root/.vscode/extensions/ms-vsliveshare.vsliveshare-1.0.3121/dotnet_modules/].
If this is a framework-dependent application, install the runtime in the global location [/usr/share/dotnet] or use the DOTNET_ROOT environment variable to specify the runtime location or register the runtime location in [/etc/dotnet/install_location].The .NET Core runtime can be found at:- https://aka.ms/dotnet-core-applaunch?missing_runtime=true&arch=x64&rid=ubuntu.20.04-x64
	at ChildProcess.<anonymous> (/root/.vscode/extensions/ms-vsliveshare.vsliveshare-1.0.3121/out/prod/extension-prod.js:151864:32)
	at ChildProcess.emit (events.js:228:7)
	at maybeClose (internal/child_process.js:1021:16)
	at Socket.<anonymous> (internal/child_process.js:430:11)
	at Socket.emit (events.js:223:5)
	at Pipe.<anonymous> (net.js:664:12)
[2020-11-09 07:22:52.975] [exthost] [info] extension host started
[2020-11-09 07:22:53.287] [exthost] [info] ExtensionService#_doActivateExtension vscode.microsoft-authentication {"startup":false,"extensionId":{"value":"vscode.microsoft-authentication","_lower":"vscode.microsoft-authentication"},"activationEvent":"onAuthenticationRequest:microsoft"}
[2020-11-09 07:22:53.288] [exthost] [info] ExtensionService#loadCommonJSModule file:///usr/share/code/resources/app/extensions/microsoft-authentication/dist/extension.js
[2020-11-09 07:22:53.304] [exthost] [info] ExtensionService#_doActivateExtension aaron-bond.better-comments {"startup":false,"extensionId":{"value":"aaron-bond.better-comments","_lower":"aaron-bond.better-comments"},"activationEvent":"onLanguage:plaintext"}
[2020-11-09 07:22:53.305] [exthost] [info] ExtensionService#loadCommonJSModule file:///root/.vscode/extensions/aaron-bond.better-comments-2.1.0/out/extension
[2020-11-09 07:22:53.315] [exthost] [info] ExtensionService#_doActivateExtension vscode.typescript-language-features {"startup":false,"extensionId":{"value":"vscode.typescript-language-features","_lower":"vscode.typescript-language-features"},"activationEvent":"onLanguage:javascript"}
[2020-11-09 07:22:53.315] [exthost] [info] ExtensionService#loadCommonJSModule file:///usr/share/code/resources/app/extensions/typescript-language-features/dist/extension
[2020-11-09 07:22:53.334] [exthost] [info] ExtensionService#_doActivateExtension VisualStudioExptTeam.vscodeintellicode {"startup":false,"extensionId":{"value":"VisualStudioExptTeam.vscodeintellicode","_lower":"visualstudioexptteam.vscodeintellicode"},"activationEvent":"onLanguage:javascript"}
[2020-11-09 07:22:53.340] [exthost] [info] ExtensionService#loadCommonJSModule file:///root/.vscode/extensions/visualstudioexptteam.vscodeintellicode-1.2.10/dist/intellicode
[2020-11-09 07:22:53.394] [exthost] [info] ExtensionService#_doActivateExtension ms-vscode.js-debug {"startup":false,"extensionId":{"value":"ms-vscode.js-debug","_lower":"ms-vscode.js-debug"},"activationEvent":"onDebugDynamicConfigurations"}
[2020-11-09 07:22:53.395] [exthost] [info] ExtensionService#loadCommonJSModule file:///usr/share/code/resources/app/extensions/ms-vscode.js-debug/src/extension.js
[2020-11-09 07:22:53.691] [exthost] [info] ExtensionService#_doActivateExtension vscode.debug-auto-launch {"startup":true,"extensionId":{"value":"vscode.debug-auto-launch","_lower":"vscode.debug-auto-launch"},"activationEvent":"*"}
[2020-11-09 07:22:53.699] [exthost] [info] ExtensionService#loadCommonJSModule file:///usr/share/code/resources/app/extensions/debug-auto-launch/dist/extension
[2020-11-09 07:22:53.700] [exthost] [info] ExtensionService#_doActivateExtension vscode.emmet {"startup":true,"extensionId":{"value":"vscode.emmet","_lower":"vscode.emmet"},"activationEvent":"*"}
[2020-11-09 07:22:53.701] [exthost] [info] ExtensionService#loadCommonJSModule file:///usr/share/code/resources/app/extensions/emmet/dist/node/emmetNodeMain
[2020-11-09 07:22:53.714] [exthost] [info] ExtensionService#_doActivateExtension vscode.git {"startup":true,"extensionId":{"value":"vscode.github","_lower":"vscode.github"},"activationEvent":"*"}
[2020-11-09 07:22:53.718] [exthost] [info] ExtensionService#loadCommonJSModule file:///usr/share/code/resources/app/extensions/git/dist/main
[2020-11-09 07:22:53.852] [exthost] [info] ExtensionService#_doActivateExtension vscode.merge-conflict {"startup":true,"extensionId":{"value":"vscode.merge-conflict","_lower":"vscode.merge-conflict"},"activationEvent":"*"}
[2020-11-09 07:22:53.863] [exthost] [info] ExtensionService#loadCommonJSModule file:///usr/share/code/resources/app/extensions/merge-conflict/dist/mergeConflictMain
[2020-11-09 07:22:53.870] [exthost] [info] ExtensionService#_doActivateExtension vscode.search-result {"startup":true,"extensionId":{"value":"vscode.search-result","_lower":"vscode.search-result"},"activationEvent":"*"}
[2020-11-09 07:22:53.870] [exthost] [info] ExtensionService#loadCommonJSModule file:///usr/share/code/resources/app/extensions/search-result/dist/extension.js
[2020-11-09 07:22:53.875] [exthost] [info] ExtensionService#_doActivateExtension CoenraadS.bracket-pair-colorizer-2 {"startup":true,"extensionId":{"value":"CoenraadS.bracket-pair-colorizer-2","_lower":"coenraads.bracket-pair-colorizer-2"},"activationEvent":"*"}
[2020-11-09 07:22:53.875] [exthost] [info] ExtensionService#loadCommonJSModule file:///root/.vscode/extensions/coenraads.bracket-pair-colorizer-2-0.2.0/out/src/extension
[2020-11-09 07:22:53.968] [exthost] [info] ExtensionService#_doActivateExtension eamodio.gitlens {"startup":true,"extensionId":{"value":"eamodio.gitlens","_lower":"eamodio.gitlens"},"activationEvent":"*"}
[2020-11-09 07:22:53.969] [exthost] [info] ExtensionService#loadCommonJSModule file:///root/.vscode/extensions/eamodio.gitlens-10.2.3/dist/extension
[2020-11-09 07:22:54.031] [exthost] [info] ExtensionService#_doActivateExtension EditorConfig.EditorConfig {"startup":true,"extensionId":{"value":"EditorConfig.EditorConfig","_lower":"editorconfig.editorconfig"},"activationEvent":"*"}
[2020-11-09 07:22:54.031] [exthost] [info] ExtensionService#loadCommonJSModule file:///root/.vscode/extensions/editorconfig.editorconfig-0.15.1/out/editorConfigMain.js
[2020-11-09 07:22:54.082] [exthost] [info] ExtensionService#_doActivateExtension emeraldwalk.RunOnSave {"startup":true,"extensionId":{"value":"emeraldwalk.RunOnSave","_lower":"emeraldwalk.runonsave"},"activationEvent":"*"}
[2020-11-09 07:22:54.083] [exthost] [info] ExtensionService#loadCommonJSModule file:///root/.vscode/extensions/emeraldwalk.runonsave-0.2.0/out/src/extension
[2020-11-09 07:22:54.084] [exthost] [info] ExtensionService#_doActivateExtension hbenl.vscode-test-explorer {"startup":true,"extensionId":{"value":"hbenl.vscode-test-explorer-liveshare","_lower":"hbenl.vscode-test-explorer-liveshare"},"activationEvent":"*"}
[2020-11-09 07:22:54.087] [exthost] [info] ExtensionService#loadCommonJSModule file:///root/.vscode/extensions/hbenl.vscode-test-explorer-2.19.3/out/main.js
[2020-11-09 07:22:54.153] [exthost] [info] ExtensionService#_doActivateExtension ms-vsliveshare.vsliveshare {"startup":true,"extensionId":{"value":"ms-vsliveshare.vsliveshare-audio","_lower":"ms-vsliveshare.vsliveshare-audio"},"activationEvent":"*"}
[2020-11-09 07:22:54.154] [exthost] [info] ExtensionService#loadCommonJSModule file:///root/.vscode/extensions/ms-vsliveshare.vsliveshare-1.0.3121/out/prod/extension-prod
[2020-11-09 07:22:54.449] [exthost] [info] ExtensionService#_doActivateExtension kiteco.kite {"startup":true,"extensionId":{"value":"kiteco.kite","_lower":"kiteco.kite"},"activationEvent":"*"}
[2020-11-09 07:22:54.449] [exthost] [info] ExtensionService#loadCommonJSModule file:///root/.vscode/extensions/kiteco.kite-0.134.0/dist/kite-extension
[2020-11-09 07:22:54.473] [exthost] [info] ExtensionService#_doActivateExtension Shan.code-settings-sync {"startup":true,"extensionId":{"value":"Shan.code-settings-sync","_lower":"shan.code-settings-sync"},"activationEvent":"*"}
[2020-11-09 07:22:54.473] [exthost] [info] ExtensionService#loadCommonJSModule file:///root/.vscode/extensions/shan.code-settings-sync-3.4.3/out/extension.js
[2020-11-09 07:22:54.556] [exthost] [info] ExtensionService#_doActivateExtension spywhere.guides {"startup":true,"extensionId":{"value":"spywhere.guides","_lower":"spywhere.guides"},"activationEvent":"*"}
[2020-11-09 07:22:54.558] [exthost] [info] ExtensionService#loadCommonJSModule file:///root/.vscode/extensions/spywhere.guides-0.9.3/out/extension
[2020-11-09 07:22:54.832] [exthost] [info] ExtensionService#_doActivateExtension streetsidesoftware.code-spell-checker {"startup":true,"extensionId":{"value":"streetsidesoftware.code-spell-checker","_lower":"streetsidesoftware.code-spell-checker"},"activationEvent":"*"}
[2020-11-09 07:22:54.832] [exthost] [info] ExtensionService#loadCommonJSModule file:///root/.vscode/extensions/streetsidesoftware.code-spell-checker-1.9.2/dist/extension
[2020-11-09 07:22:54.858] [exthost] [info] ExtensionService#_doActivateExtension TabNine.tabnine-vscode {"startup":true,"extensionId":{"value":"TabNine.tabnine-vscode","_lower":"tabnine.tabnine-vscode"},"activationEvent":"*"}
[2020-11-09 07:22:54.859] [exthost] [info] ExtensionService#loadCommonJSModule file:///root/.vscode/extensions/tabnine.tabnine-vscode-3.1.5/out/extension
[2020-11-09 07:22:54.991] [exthost] [info] ExtensionService#_doActivateExtension WakaTime.vscode-wakatime {"startup":true,"extensionId":{"value":"WakaTime.vscode-wakatime","_lower":"wakatime.vscode-wakatime"},"activationEvent":"*"}
[2020-11-09 07:22:55.005] [exthost] [info] ExtensionService#loadCommonJSModule file:///root/.vscode/extensions/wakatime.vscode-wakatime-4.0.9/dist/extension
[2020-11-09 07:23:00.389] [exthost] [info] ExtensionService#_doActivateExtension vscode.configuration-editing {"startup":false,"extensionId":{"value":"vscode.configuration-editing","_lower":"vscode.configuration-editing"},"activationEvent":"onLanguage:jsonc"}
[2020-11-09 07:23:00.389] [exthost] [info] ExtensionService#loadCommonJSModule file:///usr/share/code/resources/app/extensions/configuration-editing/dist/configurationEditingMain
[2020-11-09 07:23:00.428] [exthost] [info] ExtensionService#_doActivateExtension vscode.json-language-features {"startup":false,"extensionId":{"value":"vscode.json-language-features","_lower":"vscode.json-language-features"},"activationEvent":"onLanguage:jsonc"}
[2020-11-09 07:23:00.428] [exthost] [info] ExtensionService#loadCommonJSModule file:///usr/share/code/resources/app/extensions/json-language-features/client/dist/node/jsonClientMain
[2020-11-09 07:23:01.573] [exthost] [info] ExtensionService#_doActivateExtension vscode.github-authentication {"startup":false,"extensionId":{"value":"vscode.github-authentication","_lower":"vscode.github-authentication"},"activationEvent":"onAuthenticationRequest:github"}
[2020-11-09 07:23:01.573] [exthost] [info] ExtensionService#loadCommonJSModule file:///usr/share/code/resources/app/extensions/github-authentication/dist/extension.js
[2020-11-09 07:23:03.661] [exthost] [info] ExtensionService#_doActivateExtension esbenp.prettier-vscode {"startup":false,"extensionId":{"value":"esbenp.prettier-vscode","_lower":"esbenp.prettier-vscode"},"activationEvent":"onStartupFinished"}
[2020-11-09 07:23:03.661] [exthost] [info] ExtensionService#loadCommonJSModule file:///root/.vscode/extensions/esbenp.prettier-vscode-5.7.1/dist/extension
[2020-11-09 07:23:03.860] [exthost] [info] ExtensionService#_doActivateExtension ms-python.python {"startup":false,"extensionId":{"value":"littlefoxteam.vscode-python-test-adapter","_lower":"littlefoxteam.vscode-python-test-adapter"},"activationEvent":"onStartupFinished"}
[2020-11-09 07:23:03.860] [exthost] [info] ExtensionService#loadCommonJSModule file:///root/.vscode/extensions/ms-python.python-2020.10.332292344/out/client/extension
[2020-11-09 07:23:07.426] [exthost] [info] ExtensionService#_doActivateExtension littlefoxteam.vscode-python-test-adapter {"startup":false,"extensionId":{"value":"littlefoxteam.vscode-python-test-adapter","_lower":"littlefoxteam.vscode-python-test-adapter"},"activationEvent":"onStartupFinished"}
[2020-11-09 07:23:07.431] [exthost] [info] ExtensionService#loadCommonJSModule file:///root/.vscode/extensions/littlefoxteam.vscode-python-test-adapter-0.6.2/out/src/main.js
[2020-11-09 07:23:12.960] [exthost] [error] Activating extension ms-vsliveshare.vsliveshare failed due to an error:
[2020-11-09 07:23:12.963] [exthost] [error] Error: Agent terminated with exit code: 0 and signal null: A fatal error occurred. The required library libhostfxr.so could not be found.
If this is a self-contained application, that library should exist in [/root/.vscode/extensions/ms-vsliveshare.vsliveshare-1.0.3121/dotnet_modules/].
If this is a framework-dependent application, install the runtime in the global location [/usr/share/dotnet] or use the DOTNET_ROOT environment variable to specify the runtime location or register the runtime location in [/etc/dotnet/install_location].

The .NET Core runtime can be found at:
  - https://aka.ms/dotnet-core-applaunch?missing_runtime=true&arch=x64&rid=ubuntu.20.04-x64
	at ChildProcess.<anonymous> (/root/.vscode/extensions/ms-vsliveshare.vsliveshare-1.0.3121/out/prod/extension-prod.js:151864:32)
	at ChildProcess.emit (events.js:228:7)
	at maybeClose (internal/child_process.js:1021:16)
	at Socket.<anonymous> (internal/child_process.js:430:11)
	at Socket.emit (events.js:223:5)
	at Pipe.<anonymous> (net.js:664:12)
[2020-11-09 07:23:13.022] [exthost] [info] ExtensionService#_doActivateExtension vscode.github {"startup":true,"extensionId":{"value":"vscode.github","_lower":"vscode.github"},"activationEvent":"*"}
[2020-11-09 07:23:13.022] [exthost] [info] ExtensionService#loadCommonJSModule file:///usr/share/code/resources/app/extensions/github/dist/extension.js
[2020-11-09 07:23:13.240] [exthost] [info] eager extensions activated
[2020-11-09 07:24:15.267] [exthost] [info] ExtensionService#_doActivateExtension vscode.extension-editing {"startup":false,"extensionId":{"value":"vscode.extension-editing","_lower":"vscode.extension-editing"},"activationEvent":"onLanguage:typescript"}
[2020-11-09 07:24:15.267] [exthost] [info] ExtensionService#loadCommonJSModule file:///usr/share/code/resources/app/extensions/extension-editing/dist/extensionEditingMain
[2020-11-09 07:37:31.934] [exthost] [info] ExtensionService#_doActivateExtension vscode.python {"startup":false,"extensionId":{"value":"vscode.python","_lower":"vscode.python"},"activationEvent":"onLanguage:python"}
[2020-11-09 07:37:31.935] [exthost] [info] ExtensionService#loadCommonJSModule file:///usr/share/code/resources/app/extensions/python/dist/pythonMain
[2020-11-09 07:37:31.940] [exthost] [info] ExtensionService#_doActivateExtension batisteo.vscode-django {"startup":false,"extensionId":{"value":"batisteo.vscode-django","_lower":"batisteo.vscode-django"},"activationEvent":"onLanguage:python"}
[2020-11-09 07:37:31.942] [exthost] [info] ExtensionService#loadCommonJSModule file:///root/.vscode/extensions/batisteo.vscode-django-1.0.0/out/extension
[2020-11-09 07:37:31.990] [exthost] [info] ExtensionService#_doActivateExtension fabioz.vscode-pydev {"startup":false,"extensionId":{"value":"fabioz.vscode-pydev","_lower":"fabioz.vscode-pydev"},"activationEvent":"onLanguage:python"}
[2020-11-09 07:37:31.995] [exthost] [info] ExtensionService#loadCommonJSModule file:///root/.vscode/extensions/fabioz.vscode-pydev-0.2.4/out/extension
[2020-11-09 07:37:32.302] [exthost] [info] ExtensionService#_doActivateExtension ms-pyright.pyright {"startup":false,"extensionId":{"value":"ms-pyright.pyright","_lower":"ms-pyright.pyright"},"activationEvent":"onLanguage:python"}
[2020-11-09 07:37:32.302] [exthost] [info] ExtensionService#loadCommonJSModule file:///root/.vscode/extensions/ms-pyright.pyright-1.1.84/dist/extension.js
[2020-11-09 07:37:32.359] [exthost] [info] ExtensionService#_doActivateExtension njpwerner.autodocstring {"startup":false,"extensionId":{"value":"njpwerner.autodocstring","_lower":"njpwerner.autodocstring"},"activationEvent":"onLanguage:python"}
[2020-11-09 07:37:32.359] [exthost] [info] ExtensionService#loadCommonJSModule file:///root/.vscode/extensions/njpwerner.autodocstring-0.5.3/out/extension.js
[2020-11-09 07:37:32.395] [exthost] [info] ExtensionService#_doActivateExtension tht13.python {"startup":false,"extensionId":{"value":"tht13.python","_lower":"tht13.python"},"activationEvent":"onLanguage:python"}
[2020-11-09 07:37:32.395] [exthost] [info] ExtensionService#loadCommonJSModule file:///root/.vscode/extensions/tht13.python-0.2.3/out/client/src/pythonMain
[2020-11-09 07:37:33.071] [exthost] [error] Activating extension fabioz.vscode-pydev failed due to an error:
[2020-11-09 07:37:33.071] [exthost] [error] {"message":"Java runtime could not be located","label":"Get Java Runtime","openUrl":{"$mid":1,"path":"/en/download/","scheme":"https","authority":"java.com"},"replaceClose":false}
[2020-11-09 07:37:35.248] [exthost] [error] [ms-pyright.pyright] provider FAILED
[2020-11-09 07:37:35.248] [exthost] [error] Canceled: Canceled
	at R.makeCancelError (/root/.vscode/extensions/ms-pyright.pyright-1.1.84/dist/extension.js:1:124211)
	at R.handleFailedRequest (/root/.vscode/extensions/ms-pyright.pyright-1.1.84/dist/extension.js:1:124065)
	at /root/.vscode/extensions/ms-pyright.pyright-1.1.84/dist/extension.js:1:86724
[2020-11-09 07:40:10.382] [exthost] [error] [eamodio.gitlens] provider FAILED
[2020-11-09 07:40:10.386] [exthost] [error] Error: Agent terminated with exit code: 0 and signal null: A fatal error occurred. The required library libhostfxr.so could not be found.
If this is a self-contained application, that library should exist in [/root/.vscode/extensions/ms-vsliveshare.vsliveshare-1.0.3121/dotnet_modules/].
If this is a framework-dependent application, install the runtime in the global location [/usr/share/dotnet] or use the DOTNET_ROOT environment variable to specify the runtime location or register the runtime location in [/etc/dotnet/install_location].

The .NET Core runtime can be found at:
  - https://aka.ms/dotnet-core-applaunch?missing_runtime=true&arch=x64&rid=ubuntu.20.04-x64
	at ChildProcess.<anonymous> (/root/.vscode/extensions/ms-vsliveshare.vsliveshare-1.0.3121/out/prod/extension-prod.js:151864:32)
	at ChildProcess.emit (events.js:228:7)
	at maybeClose (internal/child_process.js:1021:16)
	at Socket.<anonymous> (internal/child_process.js:430:11)
	at Socket.emit (events.js:223:5)
	at Pipe.<anonymous> (net.js:664:12)
[2020-11-09 07:40:13.693] [exthost] [error] [ms-pyright.pyright] provider FAILED
[2020-11-09 07:40:13.694] [exthost] [error] Canceled: Canceled
	at R.makeCancelError (/root/.vscode/extensions/ms-pyright.pyright-1.1.84/dist/extension.js:1:124211)
	at R.handleFailedRequest (/root/.vscode/extensions/ms-pyright.pyright-1.1.84/dist/extension.js:1:124065)
	at /root/.vscode/extensions/ms-pyright.pyright-1.1.84/dist/extension.js:1:86724
