Initializing document watcher...
buser-lab/frontend/plugins/api.js: {"insertSpaces":true,"tabSize":2}
buser-lab/frontend/plugins/api.js: {"insertSpaces":true,"tabSize":2}
buser-lab/frontend/plugins/api.js: Using EditorConfig core...
frontend/plugins/api.js: setEndOfLine(LF)
frontend/plugins/api.js: editor.action.trimTrailingWhitespace
buser-lab/frontend/plugins/api.js: Using EditorConfig core...
frontend/plugins/api.js: setEndOfLine(LF)
frontend/plugins/api.js: editor.action.trimTrailingWhitespace
buser-lab/frontend/plugins/api.js: Using EditorConfig core...
frontend/plugins/api.js: setEndOfLine(LF)
frontend/plugins/api.js: editor.action.trimTrailingWhitespace
buser-lab/frontend/plugins/api.js: {"insertSpaces":true,"tabSize":2}
buser-lab/frontend/plugins/api.js: {"insertSpaces":true,"tabSize":2}
buser-lab/frontend/plugins/api.js: {"insertSpaces":true,"tabSize":2}
buser-lab/frontend/nuxt.config.js: {"insertSpaces":true,"tabSize":2}
buser-lab/frontend/nuxt.config.js: {"insertSpaces":true,"tabSize":2}
buser-lab/frontend/nuxt.config.js: {"insertSpaces":true,"tabSize":2}
buser-lab/frontend/nuxt.config.js: Using EditorConfig core...
frontend/nuxt.config.js: setEndOfLine(LF)
frontend/nuxt.config.js: editor.action.trimTrailingWhitespace
buser-lab/frontend/plugins/api.js: {"insertSpaces":true,"tabSize":2}
